<?xml version="1.0" encoding="UTF-8"?>
<testng-results ignored="0" total="1" passed="1" failed="0" skipped="0">
  <reporter-output>
  </reporter-output>
  <suite started-at="2024-06-07T14:55:48 CEST" name="Suite" finished-at="2024-06-07T14:55:58 CEST" duration-ms="9897">
    <groups>
    </groups>
    <test started-at="2024-06-07T14:55:48 CEST" name="Test" finished-at="2024-06-07T14:55:58 CEST" duration-ms="9897">
      <class name="com.example.selenium.TestBrowser">
        <test-method signature="Test1()[pri:0, instance:com.example.selenium.TestBrowser@188715b5]" started-at="2024-06-07T14:55:48 CEST" name="Test1" finished-at="2024-06-07T14:55:58 CEST" duration-ms="9858" status="PASS">
          <reporter-output>
          </reporter-output>
        </test-method> <!-- Test1 -->
      </class> <!-- com.example.selenium.TestBrowser -->
    </test> <!-- Test -->
  </suite> <!-- Suite -->
</testng-results>
